d:\visualstudio\platformer\raylibplatformer\bin-int\debug\voxelgame2d.pch
d:\visualstudio\platformer\raylibplatformer\bin-int\debug\vc143.pdb
d:\visualstudio\platformer\raylibplatformer\bin-int\debug\vc143.idb
d:\visualstudio\platformer\raylibplatformer\bin-int\debug\actor.obj
d:\visualstudio\platformer\raylibplatformer\bin-int\debug\collision_object.obj
d:\visualstudio\platformer\raylibplatformer\bin-int\debug\game_object.obj
d:\visualstudio\platformer\raylibplatformer\bin-int\debug\main.obj
d:\visualstudio\platformer\raylibplatformer\bin-int\debug\game.obj
d:\visualstudio\platformer\raylibplatformer\bin-int\debug\pch.obj
d:\visualstudio\platformer\raylibplatformer\bin-int\debug\player.obj
d:\visualstudio\platformer\raylibplatformer\bin-int\debug\solid.obj
d:\visualstudio\platformer\raylibplatformer\bin-int\debug\tilemap.obj
d:\visualstudio\platformer\raylibplatformer\bin\debug\voxelgame2d.exe
d:\visualstudio\platformer\raylibplatformer\bin\debug\voxelgame2d.pdb
d:\visualstudio\platformer\raylibplatformer\bin-int\debug\voxelgame2d.ilk
d:\visualstudio\platformer\raylibplatformer\\bin\debug\voxelgame2d.pdb
d:\visualstudio\platformer\raylibplatformer\\bin-int\debug\raylibplatformer.vcxproj.filelistabsolute.txt
d:\visualstudio\platformer\raylibplatformer\bin-int\debug\voxelgame2d.tlog\cl.command.1.tlog
d:\visualstudio\platformer\raylibplatformer\bin-int\debug\voxelgame2d.tlog\cl.items.tlog
d:\visualstudio\platformer\raylibplatformer\bin-int\debug\voxelgame2d.tlog\cl.read.1.tlog
d:\visualstudio\platformer\raylibplatformer\bin-int\debug\voxelgame2d.tlog\cl.write.1.tlog
d:\visualstudio\platformer\raylibplatformer\bin-int\debug\voxelgame2d.tlog\link.command.1.tlog
d:\visualstudio\platformer\raylibplatformer\bin-int\debug\voxelgame2d.tlog\link.read.1.tlog
d:\visualstudio\platformer\raylibplatformer\bin-int\debug\voxelgame2d.tlog\link.secondary.1.tlog
d:\visualstudio\platformer\raylibplatformer\bin-int\debug\voxelgame2d.tlog\link.write.1.tlog
